file /home/sean/gem5_rtl_framework/build/systemc/SConscript,line 41:
	Configure(confdir = build/systemc/.scons_config)
scons: Configure: Checking whether __i386__ is declared... 
scons: Configure: "build/systemc/.scons_config/conftest_35422207c1ff9f87810e3f3cf05741b3_0.c" is up to date.
scons: Configure: The original builder output was:
  |build/systemc/.scons_config/conftest_35422207c1ff9f87810e3f3cf05741b3_0.c <-
  |  |
  |  |int main(void)
  |  |{
  |  |#ifndef __i386__
  |  |    (void) __i386__;
  |  |#endif
  |  |    ;
  |  |    return 0;
  |  |}
  |  |
  |
scons: Configure: Building "build/systemc/.scons_config/conftest_35422207c1ff9f87810e3f3cf05741b3_0_42e9f7a3824e6418fe33bca353e4971d.o" failed in a previous run and all its sources are up to date.
scons: Configure: The original builder output was:
  |[m [      CC] [33msystemc/.scons_config/conftest_35422207c1ff9f87810e3f3cf05741b3_0[33m[1m.c[34m[1m -> [33m[1m_42e9f7a3824e6418fe33bca353e4971d.o(B[m
  |
scons: Configure: (cached) no

scons: Configure: Checking whether __x86_64__ is declared... 
scons: Configure: "build/systemc/.scons_config/conftest_fc5c667aeab98cc869c22ec2d558eb9d_0.c" is up to date.
scons: Configure: The original builder output was:
  |build/systemc/.scons_config/conftest_fc5c667aeab98cc869c22ec2d558eb9d_0.c <-
  |  |
  |  |int main(void)
  |  |{
  |  |#ifndef __x86_64__
  |  |    (void) __x86_64__;
  |  |#endif
  |  |    ;
  |  |    return 0;
  |  |}
  |  |
  |
scons: Configure: "build/systemc/.scons_config/conftest_fc5c667aeab98cc869c22ec2d558eb9d_0_cd803bb441606ccce29f1e64871df34b.o" is up to date.
scons: Configure: The original builder output was:
  |[m [      CC] [33msystemc/.scons_config/conftest_fc5c667aeab98cc869c22ec2d558eb9d_0[33m[1m.c[34m[1m -> [33m[1m_cd803bb441606ccce29f1e64871df34b.o(B[m
  |
scons: Configure: (cached) yes


